sys161: System/161 release 1.14, compiled Jan 13 2015 13:55:47

OS/161 base system version 1.11
Copyright (c) 2000, 2001, 2002, 2003
   President and Fellows of Harvard College.  All rights reserved.

Put-your-group-name-here's system version 0 (ASST2 #1)

Hello World
Cpu is MIPS r2000/r3000
1868k physical memory available
Device probe...
lamebus0 (system main bus)
emu0 at lamebus0
ltrace0 at lamebus0
ltimer0 at lamebus0
hardclock on ltimer0 (100 hz)
beep0 at ltimer0
rtclock0 at ltimer0
lrandom0 at lamebus0
random0 at lrandom0
lhd0 at lamebus0
lhd1 at lamebus0
lser0 at lamebus0
con0 at lser0
pseudorand0 (virtual)

OS/161 kernel [? for menu]: p /testbin/os161testerprog 
p /testbin/os161testerprog 
1. writing to stdout... hello world!
/testbin/os161testerprog: return value of write does not equal to input length

2. writing to stderr... /testbin/os161testerprog: false warning!

3. reading from stdin...
Press Enter: passed.6
Press 6: passed.
Running test case 1... passed.
Running test case 2... passed.
Running test case 3... passed.
Running test case 4... passed.
Running test case 5... passed.
Running test case 6... passed.
Running test case 7... passed.
Running test case 8... passed.
Press any key 3 times in the next set of tests.
Running test case 9...I passed.
Running test case 10...I passed.
Running test case 11...I passed.sys161: System/161 release 1.14, compiled Jan 13 2015 13:55:47

OS/161 base system version 1.11
Copyright (c) 2000, 2001, 2002, 2003
   President and Fellows of Harvard College.  All rights reserved.

Put-your-group-name-here's system version 0 (ASST2 #1)

Hello World
Cpu is MIPS r2000/r3000
1868k physical memory available
Device probe...
lamebus0 (system main bus)
emu0 at lamebus0
ltrace0 at lamebus0
ltimer0 at lamebus0
hardclock on ltimer0 (100 hz)
beep0 at ltimer0
rtclock0 at ltimer0
lrandom0 at lamebus0
random0 at lrandom0
lhd0 at lamebus0
lhd1 at lamebus0
lser0 at lamebus0
con0 at lser0
pseudorand0 (virtual)

OS/161 kernel [? for menu]: p /testbin/os161testerprog 21665 29352
p /testbin/os161testerprog 21665 29352
Answer: 51017sys161: System/161 release 1.14, compiled Jan 13 2015 13:55:47

OS/161 base system version 1.11
Copyright (c) 2000, 2001, 2002, 2003
   President and Fellows of Harvard College.  All rights reserved.

Put-your-group-name-here's system version 0 (ASST2 #1)

Hello World
Cpu is MIPS r2000/r3000
1868k physical memory available
Device probe...
lamebus0 (system main bus)
emu0 at lamebus0
ltrace0 at lamebus0
ltimer0 at lamebus0
hardclock on ltimer0 (100 hz)
beep0 at ltimer0
rtclock0 at ltimer0
lrandom0 at lamebus0
random0 at lrandom0
lhd0 at lamebus0
lhd1 at lamebus0
lser0 at lamebus0
con0 at lser0
pseudorand0 (virtual)

OS/161 kernel [? for menu]: p /testbin/os161testerprog test
p /testbin/os161testerprog test
argc: 2
argv[0]: /testbin/os161testerprog
argv[1]: test
asys161: System/161 release 1.14, compiled Jan 13 2015 13:55:47

OS/161 base system version 1.11
Copyright (c) 2000, 2001, 2002, 2003
   President and Fellows of Harvard College.  All rights reserved.

Put-your-group-name-here's system version 0 (ASST2 #1)

Hello World
Cpu is MIPS r2000/r3000
1868k physical memory available
Device probe...
lamebus0 (system main bus)
emu0 at lamebus0
ltrace0 at lamebus0
ltimer0 at lamebus0
hardclock on ltimer0 (100 hz)
beep0 at ltimer0
rtclock0 at ltimer0
lrandom0 at lamebus0
random0 at lrandom0
lhd0 at lamebus0
lhd1 at lamebus0
lser0 at lamebus0
con0 at lser0
pseudorand0 (virtual)

OS/161 kernel [? for menu]: p /testbin/os161testerprog 
p /testbin/os161testerprog 
/testbin/os161testerprog: Starting.
001111222222223333333333333333sys161: System/161 release 1.14, compiled Jan 13 2015 13:55:47

OS/161 base system version 1.11
Copyright (c) 2000, 2001, 2002, 2003
   President and Fellows of Harvard College.  All rights reserved.

Put-your-group-name-here's system version 0 (ASST2 #1)

Hello World
Cpu is MIPS r2000/r3000
1868k physical memory available
Device probe...
lamebus0 (system main bus)
emu0 at lamebus0
ltrace0 at lamebus0
ltimer0 at lamebus0
hardclock on ltimer0 (100 hz)
beep0 at ltimer0
rtclock0 at ltimer0
lrandom0 at lamebus0
random0 at lrandom0
lhd0 at lamebus0
lhd1 at lamebus0
lser0 at lamebus0
con0 at lser0
pseudorand0 (virtual)

OS/161 kernel [? for menu]: p /testbin/os161testerprog 
p /testbin/os161testerprog 
kmalloc: Subpage allocator couldn't get a page
kmalloc: Subpage allocator couldn't get a page
kmalloc: Subpage allocator couldn't get a page
kmalloc: Subpage allocator couldn't get a page
kmalloc: Subpage allocator couldn't get a page
kmalloc: Subpage allocator couldn't get a page
kmalloc: Subpage allocator couldn't get a page
kmalloc: Subpage allocator couldn't get a page
kmalloc: Subpage allocator couldn't get a page
kmalloc: Subpage allocator couldn't get a page
kmalloc: Subpage allocator couldn't get a page
kmalloc: Subpage allocator couldn't get a page
kmalloc: Subpage allocator couldn't get a page
kmalloc: Subpage allocator couldn't get a page
kmalloc: Subpage allocator couldn't get a page
kmalloc: Subpage allocator couldn't get a page
kmalloc: Subpage allocator couldn't get a page
kmalloc: Subpage allocator couldn't get a page
kmalloc: Subpage allocator couldn't get a page
kmalloc: Subpage allocator couldn't get a page
kmalloc: Subpage allocator couldn't get a page
kmalloc: Subpage allocator couldn't get a page
kmalloc: Subpage allocator couldn't get a page
kmalloc: Subpage allocator couldn't get a page
kmalloc: Subpage allocator couldn't get a page
kmalloc: Subpage allocator couldn't get a page
kmalloc: Subpage allocator couldn't get a page
kmalloc: Subpage allocator couldn't get a page
kmalloc: Subpage allocator couldn't get a page
kmalloc: Subpage allocator couldn't get a page
kmalloc: Subpage allocator couldn't get a page
kmalloc: Subpage allocator couldn't get a page
kmalloc: Subpage allocator couldn't get a page
kmalloc: Subpage allocator couldn't get a page
kmalloc: Subpage allocator couldn't get a page
kmalloc: Subpage allocator couldn't get a page
kmalloc: Subpage allocator couldn't get a page
kmalloc: Subpage allocator couldn't get a page
kmalloc: Subpage allocator couldn't get a page
kmalloc: Subpage allocator couldn't get a page
kmalloc: Subpage allocator couldn't get a page
kmalloc: Subpage allocator couldn't get a page
kmalloc: Subpage allocator couldn't get a page
kmalloc: Subpage allocator couldn't get a page
kmalloc: Subpage allocator couldn't get a page
kmalloc: Subpage allocator couldn't get a page
kmalloc: Subpage allocator couldn't get a page
kmalloc: Subpage allocator couldn't get a page
kmalloc: Subpage allocator couldn't get a page
kmalloc: Subpage allocator couldn't get a page
kmalloc: Subpage allocator couldn't get a page
kmalloc: Subpage allocator couldn't get a page
kmalloc: Subpage allocator couldn't get a page
kmalloc: Subpage allocator couldn't get a page
kmalloc: Subpage allocator couldn't get a page
kmalloc: Subpage allocator couldn't get a page
kmalloc: Subpage allocator couldn't get a page
kmalloc: Subpage allocator couldn't get a page
kmalloc: Subpage allocator couldn't get a page
kmalloc: Subpage allocator couldn't get a page
kmalloc: Subpage allocator couldn't get a page
kmalloc: Subpage allocator couldn't get a page
kmalloc: Subpage allocator couldn't get a page
kmalloc: Subpage allocator couldn't get a page
kmalloc: Subpage allocator couldn't get a page
kmalloc: Subpage allocator couldn't get a page
kmalloc: Subpage allocator couldn't get a page
kmalloc: Subpage allocator couldn't get a page
kmalloc: Subpage allocator couldn't get a page
kmalloc: Subpage allocator couldn't get a page
kmalloc: Subpage allocator couldn't get a page
kmalloc: Subpage allocator couldn't get a page
kmalloc: Subpage allocator couldn't get a page
kmalloc: Subpage allocator couldn't get a page
kmalloc: Subpage allocator couldn't get a page
kmalloc: Subpage allocator couldn't get a page
kmalloc: Subpage allocator couldn't get a page
kmalloc: Subpage allocator couldn't get a page
kmalloc: Subpage allocator couldn't get a page
kmalloc: Subpage allocator couldn't get a page
kmalloc: Subpage allocator couldn't get a page
kmalloc: Subpage allocator couldn't get a page
kmalloc: Subpage allocator couldn't get a page
kmalloc: Subpage allocator couldn't get a page
kmalloc: Subpage allocator couldn't get a page
kmalloc: Subpage allocator couldn't get a page
kmalloc: Subpage allocator couldn't get a page
kmalloc: Subpage allocator couldn't get a page
kmalloc: Subpage allocator couldn't get a page
kmalloc: Subpage allocator couldn't get a page
kmalloc: Subpage allocator couldn't get a page
kmalloc: Subpage allocator couldn't get a page
kmalloc: Subpage allocator couldn't get a page
kmalloc: Subpage allocator couldn't get a page
kmalloc: Subpage allocator couldn't get a page
kmalloc: Subpage allocator couldn't get a page
kmalloc: Subpage allocator couldn't get a page
kmalloc: Subpage allocator couldn't get a page
kmalloc: Subpage allocator couldn't get a page
kmalloc: Subpage allocator couldn't get a page
kmalloc: Subpage allocator couldn't get a page
kmalloc: Subpage allocator couldn't get a page
kmalloc: Subpage allocator couldn't get a page
kmalloc: Subpage allocator couldn't get a page
kmalloc: Subpage allocator couldn't get a page
kmalloc: Subpage allocator couldn't get a page
kmalloc: Subpage allocator couldn't get a page
kmalloc: Subpage allocator couldn't get a page
kmalloc: Subpage allocator couldn't get a page
kmalloc: Subpage allocator couldn't get a page
kmalloc: Subpage allocator couldn't get a page
kmalloc: Subpage allocator couldn't get a page
kmalloc: Subpage allocator couldn't get a page
kmalloc: Subpage allocator couldn't get a page
kmalloc: Subpage allocator couldn't get a page
kmalloc: Subpage allocator couldn't get a page
kmalloc: Subpage allocator couldn't get a page
kmalloc: Subpage allocator couldn't get a page
kmalloc: Subpage allocator couldn't get a page
kmalloc: Subpage allocator couldn't get a page
kmalloc: Subpage allocator couldn't get a page
kmalloc: Subpage allocator couldn't get a page
kmalloc: Subpage allocator couldn't get a page
kmalloc: Subpage allocator couldn't get a page
kmalloc: Subpage allocator couldn't get a page
kmalloc: Subpage allocator couldn't get a page
kmalloc: Subpage allocator couldn't get a page
kmalloc: Subpage allocator couldn't get a page
kmalloc: Subpage allocator couldn't get a page
kmalloc: Subpage allocator couldn't get a page
kmalloc: Subpage allocator couldn't get a page
kmalloc: Subpage allocator couldn't get a page
kmalloc: Subpage allocator couldn't get a page
kmalloc: Subpage allocator couldn't get a page
kmalloc: Subpage allocator couldn't get a page
kmalloc: Subpage allocator couldn't get a page
kmalloc: Subpage allocator couldn't get a page
kmalloc: Subpage allocator couldn't get a page
kmalloc: Subpage allocator couldn't get a page
kmalloc: Subpage allocator couldn't get a page
kmalloc: Subpage allocator couldn't get a page
kmalloc: Subpage allocator couldn't get a page
kmalloc: Subpage allocator couldn't get a page
kmalloc: Subpage allocator couldn't get a page
kmalloc: Subpage allocator couldn't get a page
kmalloc: Subpage allocator couldn't get a page
kmalloc: Subpage allocator couldn't get a page
kmalloc: Subpage allocator couldn't get a page
kmalloc: Subpage allocator couldn't get a page
kmalloc: Subpage allocator couldn't get a page
kmalloc: Subpage allocator couldn't get a page
kmalloc: Subpage allocator couldn't get a page
kmalloc: Subpage allocator couldn't get a page
kmalloc: Subpage allocator couldn't get a page
kmalloc: Subpage allocator couldn't get a page
kmalloc: Subpage allocator couldn't get a page
kmalloc: Subpage allocator couldn't get a page
kmalloc: Subpage allocator couldn't get a page
kmalloc: Subpage allocator couldn't get a page
kmalloc: Subpage allocator couldn't get a page
kmalloc: Subpage allocator couldn't get a page
kmalloc: Subpage allocator couldn't get a page
kmalloc: Subpage allocator couldn't get a page
kmalloc: Subpage allocator couldn't get a page
kmalloc: Subpage allocator couldn't get a page
kmalloc: Subpage allocator couldn't get a page
kmalloc: Subpage allocator couldn't get a page
kmalloc: Subpage allocator couldn't get a page
kmalloc: Subpage allocator couldn't get a page
kmalloc: Subpage allocator couldn't get a page
kmalloc: Subpage allocator couldn't get a page
kmalloc: Subpage allocator couldn't get a page
kmalloc: Subpage allocator couldn't get a page
kmalloc: Subpage allocator couldn't get a page
kmalloc: Subpage allocator couldn't get a page
kmalloc: Subpage allocator couldn't get a page
kmalloc: Subpage allocator couldn't get a page
kmalloc: Subpage allocator couldn't get a page
kmalloc: Subpage allocator couldn't get a page
kmalloc: Subpage allocator couldn't get a page
kmalloc: Subpage allocator couldn't get a page
kmalloc: Subpage allocator couldn't get a page
kmalloc: Subpage allocator couldn't get a page
kmalloc: Subpage allocator couldn't get a page
kmalloc: Subpage allocator couldn't get a page
kmalloc: Subpage allocator couldn't get a page
kmalloc: Subpage allocator couldn't get a page
kmalloc: Subpage allocator couldn't get a page
kmalloc: Subpage allocator couldn't get a page
kmalloc: Subpage allocator couldn't get a page
kmalloc: Subpage allocator couldn't get a page
kmalloc: Subpage allocator couldn't get a page
kmalloc: Subpage allocator couldn't get a page
kmalloc: Subpage allocator couldn't get a page
kmalloc: Subpage allocator couldn't get a page
kmalloc: Subpage allocator couldn't get a page
kmalloc: Subpage allocator couldn't get a page
kmalloc: Subpage allocator couldn't get a page
kmalloc: Subpage allocator couldn't get a page
kmalloc: Subpage allocator couldn't get a page
kmalloc: Subpage allocator couldn't get a page
kmalloc: Subpage allocator couldn't get a page
kmalloc: Subpage allocator couldn't get a page
kmalloc: Subpage allocator couldn't get a page
kmalloc: Subpage allocator couldn't get a page
kmalloc: Subpage allocator couldn't get a page
kmalloc: Subpage allocator couldn't get a page
kmalloc: Subpage allocator couldn't get a page
kmalloc: Subpage allocator couldn't get a page
kmalloc: Subpage allocator couldn't get a page
kmalloc: Subpage allocator couldn't get a page
kmalloc: Subpage allocator couldn't get a page
kmalloc: Subpage allocator couldn't get a page
kmalloc: Subpage allocator couldn't get a page
kmalloc: Subpage allocator couldn't get a page
kmalloc: Subpage allocator couldn't get a page
kmalloc: Subpage allocator couldn't get a page
kmalloc: Subpage allocator couldn't get a page
kmalloc: Subpage allocator couldn't get a page
kmalloc: Subpage allocator couldn't get a page
kmalloc: Subpage allocator couldn't get a page
kmalloc: Subpage allocator couldn't get a page
kmalloc: Subpage allocator couldn't get a page
kmalloc: Subpage allocator couldn't get a page
kmalloc: Subpage allocator couldn't get a page
kmalloc: Subpage allocator couldn't get a page
kmalloc: Subpage allocator couldn't get a page
kmalloc: Subpage allocator couldn't get a page
kmalloc: Subpage allocator couldn't get a page
kmalloc: Subpage allocator couldn't get a page
kmalloc: Subpage allocator couldn't get a page
kmalloc: Subpage allocator couldn't get a page
kmalloc: Subpage allocator couldn't get a page
kmalloc: Subpage allocator couldn't get a page
kmalloc: Subpage allocator couldn't get a page
kmalloc: Subpage allocator couldn't get a page
kmalloc: Subpage allocator couldn't get a page
kmalloc: Subpage allocator couldn't get a page
kmalloc: Subpage allocator couldn't get a page
kmalloc: Subpage allocator couldn't get a page
kmalloc: Subpage allocator couldn't get a page
kmalloc: Subpage allocator couldn't get a page
kmalloc: Subpage allocator couldn't get a page
kmalloc: Subpage allocator couldn't get a page
kmalloc: Subpage allocator couldn't get a page
kmalloc: Subpage allocator couldn't get a page
kmalloc: Subpage allocator couldn't get a page
kmalloc: Subpage allocator couldn't get a page
kmalloc: Subpage allocator couldn't get a page
kmalloc: Subpage allocator couldn't get a page
kmalloc: Subpage allocator couldn't get a page
kmalloc: Subpage allocator couldn't get a page
kmalloc: Subpage allocator couldn't get a page
kmalloc: Subpage allocator couldn't get a page
kmalloc: Subpage allocator couldn't get a page
kmalloc: Subpage allocator couldn't get a page
kmalloc: Subpage allocator couldn't get a page
kmalloc: Subpage allocator couldn't get a page
kmalloc: Subpage allocator couldn't get a page
kmalloc: Subpage allocator couldn't get a page
kmalloc: Subpage allocator couldn't get a page
kmalloc: Subpage allocator couldn't get a page
kmalloc: Subpage allocator couldn't get a page
kmalloc: Subpage allocator couldn't get a page
kmalloc: Subpage allocator couldn't get a page
kmalloc: Subpage allocator couldn't get a page
kmalloc: Subpage allocator couldn't get a page
kmalloc: Subpage allocator couldn't get a page
kmalloc: Subpage allocator couldn't get a page
kmalloc: Subpage allocator couldn't get a page
kmalloc: Subpage allocator couldn't get a page
kmalloc: Subpage allocator couldn't get a page
kmalloc: Subpage allocator couldn't get a page
kmalloc: Subpage allocator couldn't get a page
kmalloc: Subpage allocator couldn't get a page
kmalloc: Subpage allocator couldn't get a page
kmalloc: Subpage allocator couldn't get a page
kmalloc: Subpage allocator couldn't get a page
kmalloc: Subpage allocator couldn't get a page
kmalloc: Subpage allocator couldn't get a page
kmalloc: Subpage allocator couldn't get a page
kmalloc: Subpage allocator couldn't get a page
kmalloc: Subpage allocator couldn't get a page
kmalloc: Subpage allocator couldn't get a page
kmalloc: Subpage allocator couldn't get a page
kmalloc: Subpage allocator couldn't get a page
kmalloc: Subpage allocator couldn't get a page
kmalloc: Subpage allocator couldn't get a page
kmalloc: Subpage allocator couldn't get a page
kmalloc: Subpage allocator couldn't get a page
kmalloc: Subpage allocator couldn't get a page
kmalloc: Subpage allocator couldn't get a page
kmalloc: Subpage allocator couldn't get a page
kmalloc: Subpage allocator couldn't get a page
kmalloc: Subpage allocator couldn't get a page
kmalloc: Subpage allocator couldn't get a page
kmalloc: Subpage allocator couldn't get a page
kmalloc: Subpage allocator couldn't get a page
kmalloc: Subpage allocator couldn't get a page
kmalloc: Subpage allocator couldn't get a page
kmalloc: Subpage allocator couldn't get a page
kmalloc: Subpage allocator couldn't get a page
kmalloc: Subpage allocator couldn't get a page
kmalloc: Subpage allocator couldn't get a page
kmalloc: Subpage allocator couldn't get a page
kmalloc: Subpage allocator couldn't get a page
kmalloc: Subpage allocator couldn't get a page
kmalloc: Subpage allocator couldn't get a page
kmalloc: Subpage allocator couldn't get a page
kmalloc: Subpage allocator couldn't get a page
kmalloc: Subpage allocator couldn't get a page
kmalloc: Subpage allocator couldn't get a page
kmalloc: Subpage allocator couldn't get a page
kmalloc: Subpage allocator couldn't get a page
kmalloc: Subpage allocator couldn't get a page
kmalloc: Subpage allocator couldn't get a page
kmalloc: Subpage allocator couldn't get a page
kmalloc: Subpage allocator couldn't get a page
kmalloc: Subpage allocator couldn't get a page
kmalloc: Subpage allocator couldn't get a page
kmalloc: Subpage allocator couldn't get a page
kmalloc: Subpage allocator couldn't get a page
kmalloc: Subpage allocator couldn't get a page
kmalloc: Subpage allocator couldn't get a page
kmalloc: Subpage allocator couldn't get a page
kmalloc: Subpage allocator couldn't get a page
kmalloc: Subpage allocator couldn't get a page
kmalloc: Subpage allocator couldn't get a page
kmalloc: Subpage allocator couldn't get a page
kmalloc: Subpage allocator couldn't get a page
kmalloc: Subpage allocator couldn't get a page
kmalloc: Subpage allocator couldn't get a page
kmalloc: Subpage allocator couldn't get a page
kmalloc: Subpage allocator couldn't get a page
kmalloc: Subpage allocator couldn't get a page
kmalloc: Subpage allocator couldn't get a page
kmalloc: Subpage allocator couldn't get a page
kmalloc: Subpage allocator couldn't get a page
kmalloc: Subpage allocator couldn't get a page
kmalloc: Subpage allocator couldn't get a page
kmalloc: Subpage allocator couldn't get a page
kmalloc: Subpage allocator couldn't get a page
kmalloc: Subpage allocator couldn't get a page
kmalloc: Subpage allocator couldn't get a page
kmalloc: Subpage allocator couldn't get a page
kmalloc: Subpage allocator couldn't get a page
kmalloc: Subpage allocator couldn't get a page
kmalloc: Subpage allocator couldn't get a page
kmalloc: Subpage allocator couldn't get a page
kmalloc: Subpage allocator couldn't get a page
kmalloc: Subpage allocator couldn't get a page
kmalloc: Subpage allocator couldn't get a page
kmalloc: Subpage allocator couldn't get a page
kmalloc: Subpage allocator couldn't get a page
kmalloc: Subpage allocator couldn't get a page
kmalloc: Subpage allocator couldn't get a page
kmalloc: Subpage allocator couldn't get a page
kmalloc: Subpage allocator couldn't get a page
kmalloc: Subpage allocator couldn't get a page
kmalloc: Subpage allocator couldn't get a page
kmalloc: Subpage allocator couldn't get a page
kmalloc: Subpage allocator couldn't get a page
kmalloc: Subpage allocator couldn't get a page
kmalloc: Subpage allocator couldn't get a page
kmalloc: Subpage allocator couldn't get a page
kmalloc: Subpage allocator couldn't get a page
kmalloc: Subpage allocator couldn't get a page
kmalloc: Subpage allocator couldn't get a page
kmalloc: Subpage allocator couldn't get a page
kmalloc: Subpage allocator couldn't get a page
kmalloc: Subpage allocator couldn't get a page
kmalloc: Subpage allocator couldn't get a page
kmalloc: Subpage allocator couldn't get a page
kmalloc: Subpage allocator couldn't get a page
kmalloc: Subpage allocator couldn't get a page
kmalloc: Subpage allocator couldn't get a page
kmalloc: Subpage allocator couldn't get a page
kmalloc: Subpage allocator couldn't get a page
kmalloc: Subpage allocator couldn't get a page
kmalloc: Subpage allocator couldn't get a page
kmalloc: Subpage allocator couldn't get a page
kmalloc: Subpage allocator couldn't get a page
kmalloc: Subpage allocator couldn't get a page
kmalloc: Subpage allocator couldn't get a page
kmalloc: Subpage allocator couldn't get a page
kmalloc: Subpage allocator couldn't get a page
kmalloc: Subpage allocator couldn't get a page
kmalloc: Subpage allocator couldn't get a page
kmalloc: Subpage allocator couldn't get a page
kmalloc: Subpage allocator couldn't get a page
kmalloc: Subpage allocator couldn't get a page
kmalloc: Subpage allocator couldn't get a page
kmalloc: Subpage allocator couldn't get a page
kmalloc: Subpage allocator couldn't get a page
kmalloc: Subpage allocator couldn't get a page
kmalloc: Subpage allocator couldn't get a page
kmalloc: Subpage allocator couldn't get a page
kmalloc: Subpage allocator couldn't get a page
kmalloc: Subpage allocator couldn't get a page
kmalloc: Subpage allocator couldn't get a page
kmalloc: Subpage allocator couldn't get a page
kmalloc: Subpage allocator couldn't get a page
kmalloc: Subpage allocator couldn't get a page
kmalloc: Subpage allocator couldn't get a page
kmalloc: Subpage allocator couldn't get a page
kmalloc: Subpage allocator couldn't get a page
kmalloc: Subpage allocator couldn't get a page
kmalloc: Subpage allocator couldn't get a page
kmalloc: Subpage allocator couldn't get a page
kmalloc: Subpage allocator couldn't get a page
kmalloc: Subpage allocator couldn't get a page
kmalloc: Subpage allocator couldn't get a page
kmalloc: Subpage allocator couldn't get a page
kmalloc: Subpage allocator couldn't get a page
kmalloc: Subpage allocator couldn't get a page
kmalloc: Subpage allocator couldn't get a page
kmalloc: Subpage allocator couldn't get a page
kmalloc: Subpage allocator couldn't get a page
kmalloc: Subpage allocator couldn't get a page
kmalloc: Subpage allocator couldn't get a page
kmalloc: Subpage allocator couldn't get a page
kmalloc: Subpage allocator couldn't get a page
kmalloc: Subpage allocator couldn't get a page
kmalloc: Subpage allocator couldn't get a page
kmalloc: Subpage allocator couldn't get a page
kmalloc: Subpage allocator couldn't get a page
kmalloc: Subpage allocator couldn't get a page
kmalloc: Subpage allocator couldn't get a page
kmalloc: Subpage allocator couldn't get a page
kmalloc: Subpage allocator couldn't get a page
kmalloc: Subpage allocator couldn't get a page
kmalloc: Subpage allocator couldn't get a page
kmalloc: Subpage allocator couldn't get a page
kmalloc: Subpage allocator couldn't get a page
kmalloc: Subpage allocator couldn't get a page
kmalloc: Subpage allocator couldn't get a page
kmalloc: Subpage allocator couldn't get a page
kmalloc: Subpage allocator couldn't get a page
kmalloc: Subpage allocator couldn't get a page
kmalloc: Subpage allocator couldn't get a page
kmalloc: Subpage allocator couldn't get a page
kmalloc: Subpage allocator couldn't get a page
kmalloc: Subpage allocator couldn't get a page
kmalloc: Subpage allocator couldn't get a page
kmalloc: Subpage allocator couldn't get a page
kmalloc: Subpage allocator couldn't get a page
kmalloc: Subpage allocator couldn't get a page
kmalloc: Subpage allocator couldn't get a page
kmalloc: Subpage allocator couldn't get a page
kmalloc: Subpage allocator couldn't get a page
kmalloc: Subpage allocator couldn't get a page
kmalloc: Subpage allocator couldn't get a page
kmalloc: Subpage allocator couldn't get a page
kmalloc: Subpage allocator couldn't get a page
kmalloc: Subpage allocator couldn't get a page
kmalloc: Subpage allocator couldn't get a page
kmalloc: Subpage allocator couldn't get a page
kmalloc: Subpage allocator couldn't get a page
kmalloc: Subpage allocator couldn't get a page
kmalloc: Subpage allocator couldn't get a page
kmalloc: Subpage allocator couldn't get a page
kmalloc: Subpage allocator couldn't get a page
kmalloc: Subpage allocator couldn't get a page
kmalloc: Subpage allocator couldn't get a page
kmalloc: Subpage allocator couldn't get a page
kmalloc: Subpage allocator couldn't get a page
kmalloc: Subpage allocator couldn't get a page
kmalloc: Subpage allocator couldn't get a page
kmalloc: Subpage allocator couldn't get a page
kmalloc: Subpage allocator couldn't get a page
kmalloc: Subpage allocator couldn't get a page
kmalloc: Subpage allocator couldn't get a page
kmalloc: Subpage allocator couldn't get a page
kmalloc: Subpage allocator couldn't get a page
kmalloc: Subpage allocator couldn't get a page
kmalloc: Subpage allocator couldn't get a page
kmalloc: Subpage allocator couldn't get a page
kmalloc: Subpage allocator couldn't get a page
kmalloc: Subpage allocator couldn't get a page
kmalloc: Subpage allocator couldn't get a page
kmalloc: Subpage allocator couldn't get a page
kmalloc: Subpage allocator couldn't get a page
kmalloc: Subpage allocator couldn't get a page
kmalloc: Subpage allocator couldn't get a page
kmalloc: Subpage allocator couldn't get a page
kmalloc: Subpage allocator couldn't get a page
kmalloc: Subpage allocator couldn't get a page
kmalloc: Subpage allocator couldn't get a page
kmalloc: Subpage allocator couldn't get a page
kmalloc: Subpage allocator couldn't get a page
kmalloc: Subpage allocator couldn't get a page
kmalloc: Subpage allocator couldn't get a page
kmalloc: Subpage allocator couldn't get a page
kmalloc: Subpage allocator couldn't get a page
kmalloc: Subpage allocator couldn't get a page
kmalloc: Subpage allocator couldn't get a page
kmalloc: Subpage allocator couldn't get a page
kmalloc: Subpage allocator couldn't get a page
kmalloc: Subpage allocator couldn't get a page
kmalloc: Subpage allocator couldn't get a page
kmalloc: Subpage allocator couldn't get a page
kmalloc: Subpage allocator couldn't get a page
kmalloc: Subpage allocator couldn't get a page
kmalloc: Subpage allocator couldn't get a page
kmalloc: Subpage allocator couldn't get a page
kmalloc: Subpage allocator couldn't get a page
kmalloc: Subpage allocator couldn't get a page
kmalloc: Subpage allocator couldn't get a page
kmalloc: Subpage allocator couldn't get a page
kmalloc: Subpage allocator couldn't get a page
kmalloc: Subpage allocator couldn't get a page
kmalloc: Subpage allocator couldn't get a page
kmalloc: Subpage allocator couldn't get a page
kmalloc: Subpage allocator couldn't get a page
kmalloc: Subpage allocator couldn't get a page
kmalloc: Subpage allocator couldn't get a page
kmalloc: Subpage allocator couldn't get a page
kmalloc: Subpage allocator couldn't get a page
kmalloc: Subpage allocator couldn't get a page
kmalloc: Subpage allocator couldn't get a page
kmalloc: Subpage allocator couldn't get a page
kmalloc: Subpage allocator couldn't get a page
kmalloc: Subpage allocator couldn't get a page
kmalloc: Subpage allocator couldn't get a page
kmalloc: Subpage allocator couldn't get a page
kmalloc: Subpage allocator couldn't get a page
kmalloc: Subpage allocator couldn't get a page
kmalloc: Subpage allocator couldn't get a page
kmalloc: Subpage allocator couldn't get a page
kmalloc: Subpage allocator couldn't get a page
kmalloc: Subpage allocator couldn't get a page
kmalloc: Subpage allocator couldn't get a page
kmalloc: Subpage allocator couldn't get a page
kmalloc: Subpage allocator couldn't get a page
kmalloc: Subpage allocator couldn't get a page
kmalloc: Subpage allocator couldn't get a page
kmalloc: Subpage allocator couldn't get a page
kmalloc: Subpage allocator couldn't get a page
kmalloc: Subpage allocator couldn't get a page
kmalloc: Subpage allocator couldn't get a page
kmalloc: Subpage allocator couldn't get a page
kmalloc: Subpage allocator couldn't get a page
kmalloc: Subpage allocator couldn't get a page
kmalloc: Subpage allocator couldn't get a page
kmalloc: Subpage allocator couldn't get a page
kmalloc: Subpage allocator couldn't get a page
kmalloc: Subpage allocator couldn't get a page
kmalloc: Subpage allocator couldn't get a page
kmalloc: Subpage allocator couldn't get a page
kmalloc: Subpage allocator couldn't get a page
kmalloc: Subpage allocator couldn't get a page
kmalloc: Subpage allocator couldn't get a page
kmalloc: Subpage allocator couldn't get a page
kmalloc: Subpage allocator couldn't get a page
kmalloc: Subpage allocator couldn't get a page
kmalloc: Subpage allocator couldn't get a page
kmalloc: Subpage allocator couldn't get a page
kmalloc: Subpage allocator couldn't get a page
kmalloc: Subpage allocator couldn't get a page
kmalloc: Subpage allocator couldn't get a page
kmalloc: Subpage allocator couldn't get a page
kmalloc: Subpage allocator couldn't get a page
kmalloc: Subpage allocator couldn't get a page
kmalloc: Subpage allocator couldn't get a page
kmalloc: Subpage allocator couldn't get a page
kmalloc: Subpage allocator couldn't get a page
kmalloc: Subpage allocator couldn't get a page
kmalloc: Subpage allocator couldn't get a page
kmalloc: Subpage allocator couldn't get a page
kmalloc: Subpage allocator couldn't get a page
kmalloc: Subpage allocator couldn't get a page
kmalloc: Subpage allocator couldn't get a page
kmalloc: Subpage allocator couldn't get a page
kmalloc: Subpage allocator couldn't get a page
kmalloc: Subpage allocator couldn't get a page
kmalloc: Subpage allocator couldn't get a page
kmalloc: Subpage allocator couldn't get a page
kmalloc: Subpage allocator couldn't get a page
kmalloc: Subpage allocator couldn't get a page
kmalloc: Subpage allocator couldn't get a page
kmalloc: Subpage allocator couldn't get a page
kmalloc: Subpage allocator couldn't get a page
kmalloc: Subpage allocator couldn't get a page
kmalloc: Subpage allocator couldn't get a page
kmalloc: Subpage allocator couldn't get a page
kmalloc: Subpage allocator couldn't get a page
kmalloc: Subpage allocator couldn't get a page
kmalloc: Subpage allocator couldn't get a page
kmalloc: Subpage allocator couldn't get a page
kmalloc: Subpage allocator couldn't get a page
kmalloc: Subpage allocator couldn't get a page
kmalloc: Subpage allocator couldn't get a page
kmalloc: Subpage allocator couldn't get a page
kmalloc: Subpage allocator couldn't get a page
kmalloc: Subpage allocator couldn't get a page
kmalloc: Subpage allocator couldn't get a page
kmalloc: Subpage allocator couldn't get a page
kmalloc: Subpage allocator couldn't get a page
kmalloc: Subpage allocator couldn't get a page
kmalloc: Subpage allocator couldn't get a page
kmalloc: Subpage allocator couldn't get a page
kmalloc: Subpage allocator couldn't get a page
kmalloc: Subpage allocator couldn't get a page
kmalloc: Subpage allocator couldn't get a page
kmalloc: Subpage allocator couldn't get a page
kmalloc: Subpage allocator couldn't get a page
kmalloc: Subpage allocator couldn't get a page
kmalloc: Subpage allocator couldn't get a page
kmalloc: Subpage allocator couldn't get a page
kmalloc: Subpage allocator couldn't get a page
kmalloc: Subpage allocator couldn't get a page
kmalloc: Subpage allocator couldn't get a page
kmalloc: Subpage allocator couldn't get a page
kmalloc: Subpage allocator couldn't get a page
kmalloc: Subpage allocator couldn't get a page
kmalloc: Subpage allocator couldn't get a page
kmalloc: Subpage allocator couldn't get a page
kmalloc: Subpage allocator couldn't get a page
kmalloc: Subpage allocator couldn't get a page
kmalloc: Subpage allocator couldn't get a page
kmalloc: Subpage allocator couldn't get a page
kmalloc: Subpage allocator couldn't get a page
kmalloc: Subpage allocator couldn't get a page
kmalloc: Subpage allocator couldn't get a page
kmalloc: Subpage allocator couldn't get a page
kmalloc: Subpage allocator couldn't get a page
kmalloc: Subpage allocator couldn't get a page
kmalloc: Subpage allocator couldn't get a page
kmalloc: Subpage allocator couldn't get a page
kmalloc: Subpage allocator couldn't get a page
kmalloc: Subpage allocator couldn't get a page
kmalloc: Subpage allocator couldn't get a page
kmalloc: Subpage allocator couldn't get a page
kmalloc: Subpage allocator couldn't get a page
kmalloc: Subpage allocator couldn't get a page
kmalloc: Subpage allocator couldn't get a page
kmalloc: Subpage allocator couldn't get a page
kmalloc: Subpage allocator couldn't get a page
kmalloc: Subpage allocator couldn't get a page
kmalloc: Subpage allocator couldn't get a page
kmalloc: Subpage allocator couldn't get a page
kmalloc: Subpage allocator couldn't get a page
kmalloc: Subpage allocator couldn't get a page
kmalloc: Subpage allocator couldn't get a page
kmalloc: Subpage allocator couldn't get a page
kmalloc: Subpage allocator couldn't get a page
kmalloc: Subpage allocator couldn't get a page
kmalloc: Subpage allocator couldn't get a page
kmalloc: Subpage allocator couldn't get a page
kmalloc: Subpage allocator couldn't get a page
kmalloc: Subpage allocator couldn't get a page
kmalloc: Subpage allocator couldn't get a page
kmalloc: Subpage allocator couldn't get a page
kmalloc: Subpage allocator couldn't get a page
kmalloc: Subpage allocator couldn't get a page
kmalloc: Subpage allocator couldn't get a page
kmalloc: Subpage allocator couldn't get a page
kmalloc: Subpage allocator couldn't get a page
kmalloc: Subpage allocator couldn't get a page
kmalloc: Subpage allocator couldn't get a page
kmalloc: Subpage allocator couldn't get a page
kmalloc: Subpage allocator couldn't get a page
kmalloc: Subpage allocator couldn't get a page
kmalloc: Subpage allocator couldn't get a page
kmalloc: Subpage allocator couldn't get a page
kmalloc: Subpage allocator couldn't get a page
kmalloc: Subpage allocator couldn't get a page
kmalloc: Subpage allocator couldn't get a page
kmalloc: Subpage allocator couldn't get a page
kmalloc: Subpage allocator couldn't get a page
kmalloc: Subpage allocator couldn't get a page
kmalloc: Subpage allocator couldn't get a page
kmalloc: Subpage allocator couldn't get a page
kmalloc: Subpage allocator couldn't get a page
kmalloc: Subpage allocator couldn't get a page
kmalloc: Subpage allocator couldn't get a page
kmalloc: Subpage allocator couldn't get a page
kmalloc: Subpage allocator couldn't get a page
kmalloc: Subpage allocator couldn't get a page
kmalloc: Subpage allocator couldn't get a page
kmalloc: Subpage allocator couldn't get a page
kmalloc: Subpage allocator couldn't get a page
kmalloc: Subpage allocator couldn't get a page
kmalloc: Subpage allocator couldn't get a page
kmalloc: Subpage allocator couldn't get a page
kmalloc: Subpage allocator couldn't get a page
kmalloc: Subpage allocator couldn't get a page
kmalloc: Subpage allocator couldn't get a page
kmalloc: Subpage allocator couldn't get a page
kmalloc: Subpage allocator couldn't get a page
kmalloc: Subpage allocator couldn't get a page
kmalloc: Subpage allocator couldn't get a page
kmalloc: Subpage allocator couldn't get a page
kmalloc: Subpage allocator couldn't get a page
kmalloc: Subpage allocator couldn't get a page
kmalloc: Subpage allocator couldn't get a page
kmalloc: Subpage allocator couldn't get a page
kmalloc: Subpage allocator couldn't get a page
kmalloc: Subpage allocator couldn't get a page
kmalloc: Subpage allocator couldn't get a page
kmalloc: Subpage allocator couldn't get a page
kmalloc: Subpage allocator couldn't get a page
kmalloc: Subpage allocator couldn't get a page
kmalloc: Subpage allocator couldn't get a page
kmalloc: Subpage allocator couldn't get a page
kmalloc: Subpage allocator couldn't get a page
kmalloc: Subpage allocator couldn't get a page
kmalloc: Subpage allocator couldn't get a page
kmalloc: Subpage allocator couldn't get a page
kmalloc: Subpage allocator couldn't get a page
kmalloc: Subpage allocator couldn't get a page
kmalloc: Subpage allocator couldn't get a page
kmalloc: Subpage allocator couldn't get a page
kmalloc: Subpage allocator couldn't get a page
kmalloc: Subpage allocator couldn't get a page
kmalloc: Subpage allocator couldn't get a page
kmalloc: Subpage allocator couldn't get a page
kmalloc: Subpage allocator couldn't get a page
kmalloc: Subpage allocator couldn't get a page
kmalloc: Subpage allocator couldn't get a page
kmalloc: Subpage allocator couldn't get a page
kmalloc: Subpage allocator couldn't get a page
kmalloc: Subpage allocator couldn't get a page
kmalloc: Subpage allocator couldn't get a page
kmalloc: Subpage allocator couldn't get a page
kmalloc: Subpage allocator couldn't get a page
kmalloc: Subpage allocator couldn't get a page
kmalloc: Subpage allocator couldn't get a page
kmalloc: Subpage allocator couldn't get a page
kmalloc: Subpage allocator couldn't get a page
kmalloc: Subpage allocator couldn't get a page
kmalloc: Subpage allocator couldn't get a page
kmalloc: Subpage allocator couldn't get a page
kmalloc: Subpage allocator couldn't get a page
kmalloc: Subpage allocator couldn't get a page
kmalloc: Subpage allocator couldn't get a page
kmalloc: Subpage allocator couldn't get a page
kmalloc: Subpage allocator couldn't get a page
kmalloc: Subpage allocator couldn't get a page
kmalloc: Subpage allocator couldn't get a page
kmalloc: Subpage allocator couldn't get a page
kmalloc: Subpage allocator couldn't get a page
kmalloc: Subpage allocator couldn't get a page
kmalloc: Subpage allocator couldn't get a page
kmalloc: Subpage allocator couldn't get a page
kmalloc: Subpage allocator couldn't get a page
kmalloc: Subpage allocator couldn't get a page
kmalloc: Subpage allocator couldn't get a page
kmalloc: Subpage allocator couldn't get a page
kmalloc: Subpage allocator couldn't get a page
kmalloc: Subpage allocator couldn't get a page
kmalloc: Subpage allocator couldn't get a page
kmalloc: Subpage allocator couldn't get a page
kmalloc: Subpage allocator couldn't get a page
kmalloc: Subpage allocator couldn't get a page
kmalloc: Subpage allocator couldn't get a page
kmalloc: Subpage allocator couldn't get a page
kmalloc: Subpage allocator couldn't get a page
kmalloc: Subpage allocator couldn't get a page
kmalloc: Subpage allocator couldn't get a page
kmalloc: Subpage allocator couldn't get a page
kmalloc: Subpage allocator couldn't get a page
kmalloc: Subpage allocator couldn't get a page
kmalloc: Subpage allocator couldn't get a page
kmalloc: Subpage allocator couldn't get a page
kmalloc: Subpage allocator couldn't get a page
kmalloc: Subpage allocator couldn't get a page
kmalloc: Subpage allocator couldn't get a page
kmalloc: Subpage allocator couldn't get a page
kmalloc: Subpage allocator couldn't get a page
kmalloc: Subpage allocator couldn't get a page
kmalloc: Subpage allocator couldn't get a page
kmalloc: Subpage allocator couldn't get a page
kmalloc: Subpage allocator couldn't get a page
kmalloc: Subpage allocator couldn't get a page
kmalloc: Subpage allocator couldn't get a page
kmalloc: Subpage allocator couldn't get a page
kmalloc: Subpage allocator couldn't get a page
kmalloc: Subpage allocator couldn't get a page
kmalloc: Subpage allocator couldn't get a page
kmalloc: Subpage allocator couldn't get a page
kmalloc: Subpage allocator couldn't get a page
kmalloc: Subpage allocator couldn't get a page
kmalloc: Subpage allocator couldn't get a page
kmalloc: Subpage allocator couldn't get a page
kmalloc: Subpage allocator couldn't get a page
kmalloc: Subpage allocator couldn't get a page
kmalloc: Subpage allocator couldn't get a page
kmalloc: Subpage allocator couldn't get a page
kmalloc: Subpage allocator couldn't get a page
kmalloc: Subpage allocator couldn't get a page
kmalloc: Subpage allocator couldn't get a page
kmalloc: Subpage allocator couldn't get a page
kmalloc: Subpage allocator couldn't get a page
kmalloc: Subpage allocator couldn't get a page
kmalloc: Subpage allocator couldn't get a page
kmalloc: Subpage allocator couldn't get a page
kmalloc: Subpage allocator couldn't get a page
kmalloc: Subpage allocator couldn't get a page
kmalloc: Subpage allocator couldn't get a page
kmalloc: Subpage allocator couldn't get a page
kmalloc: Subpage allocator couldn't get a page
kmalloc: Subpage allocator couldn't get a page
kmalloc: Subpage allocator couldn't get a page
kmalloc: Subpage allocator couldn't get a page
kmalloc: Subpage allocator couldn't get a page
kmalloc: Subpage allocator couldn't get a page
kmalloc: Subpage allocator couldn't get a page
kmalloc: Subpage allocator couldn't get a page
kmalloc: Subpage allocator couldn't get a page
kmalloc: Subpage allocator couldn't get a page
kmalloc: Subpage allocator couldn't get a page
kmalloc: Subpage allocator couldn't get a page
kmalloc: Subpage allocator couldn't get a page
kmalloc: Subpage allocator couldn't get a page
kmalloc: Subpage allocator couldn't get a page
kmalloc: Subpage allocator couldn't get a page
kmalloc: Subpage allocator couldn't get a page
kmalloc: Subpage allocator couldn't get a page
kmalloc: Subpage allocator couldn't get a page
kmalloc: Subpage allocator couldn't get a page
kmalloc: Subpage allocator couldn't get a page
kmalloc: Subpage allocator couldn't get a page
kmalloc: Subpage allocator couldn't get a page
kmalloc: Subpage allocator couldn't get a page
kmalloc: Subpage allocator couldn't get a page
kmalloc: Subpage allocator couldn't get a page
kmalloc: Subpage allocator couldn't get a page
kmalloc: Subpage allocator couldn't get a page
kmalloc: Subpage allocator couldn't get a page
kmalloc: Subpage allocator couldn't get a page
kmalloc: Subpage allocator couldn't get a page
kmalloc: Subpage allocator couldn't get a page
kmalloc: Subpage allocator couldn't get a page
kmalloc: Subpage allocator couldn't get a page
kmalloc: Subpage allocator couldn't get a page
kmalloc: Subpage allocator couldn't get a page
kmalloc: Subpage allocator couldn't get a page
kmalloc: Subpage allocator couldn't get a page
kmalloc: Subpage allocator couldn't get a page
kmalloc: Subpage allocator couldn't get a page
kmalloc: Subpage allocator couldn't get a page
kmalloc: Subpage allocator couldn't get a page
kmalloc: Subpage allocator couldn't get a page
kmalloc: Subpage allocator couldn't get a page
kmalloc: Subpage allocator couldn't get a page
kmalloc: Subpage allocator couldn't get a page
kmalloc: Subpage allocator couldn't get a page
kmalloc: Subpage allocator couldn't get a page
kmalloc: Subpage allocator couldn't get a page
kmalloc: Subpage allocator couldn't get a page
kmalloc: Subpage allocator couldn't get a page
kmalloc: Subpage allocator couldn't get a page
kmalloc: Subpage allocator couldn't get a page
kmalloc: Subpage allocator couldn't get a page
kmalloc: Subpage allocator couldn't get a page
kmalloc: Subpage allocator couldn't get a page
kmalloc: Subpage allocator couldn't get a page
kmalloc: Subpage allocator couldn't get a page
kmalloc: Subpage allocator couldn't get a page
kmalloc: Subpage allocator couldn't get a page
kmalloc: Subpage allocator couldn't get a page
kmalloc: Subpage allocator couldn't get a page
kmalloc: Subpage allocator couldn't get a page
kmalloc: Subpage allocator couldn't get a page
kmalloc: Subpage allocator couldn't get a page
kmalloc: Subpage allocator couldn't get a page
kmalloc: Subpage allocator couldn't get a page
kmalloc: Subpage allocator couldn't get a page
kmalloc: Subpage allocator couldn't get a page
kmalloc: Subpage allocator couldn't get a page
kmalloc: Subpage allocator couldn't get a page
kmalloc: Subpage allocator couldn't get a page
kmalloc: Subpage allocator couldn't get a page
kmalloc: Subpage allocator couldn't get a page
kmalloc: Subpage allocator couldn't get a page
kmalloc: Subpage allocator couldn't get a page
kmalloc: Subpage allocator couldn't get a page
kmalloc: Subpage allocator couldn't get a page
kmalloc: Subpage allocator couldn't get a page
kmalloc: Subpage allocator couldn't get a page
kmalloc: Subpage allocator couldn't get a page
kmalloc: Subpage allocator couldn't get a page
kmalloc: Subpage allocator couldn't get a page
kmalloc: Subpage allocator couldn't get a page
kmalloc: Subpage allocator couldn't get a page
kmalloc: Subpage allocator couldn't get a page
kmalloc: Subpage allocator couldn't get a page
kmalloc: Subpage allocator couldn't get a page
kmalloc: Subpage allocator couldn't get a page
kmalloc: Subpage allocator couldn't get a page
kmalloc: Subpage allocator couldn't get a page
kmalloc: Subpage allocator couldn't get a page
kmalloc: Subpage allocator couldn't get a page
kmalloc: Subpage allocator couldn't get a page
kmalloc: Subpage allocator couldn't get a page
kmalloc: Subpage allocator couldn't get a page
kmalloc: Subpage allocator couldn't get a page
kmalloc: Subpage allocator couldn't get a page
kmalloc: Subpage allocator couldn't get a page
kmalloc: Subpage allocator couldn't get a page
kmalloc: Subpage allocator couldn't get a page
kmalloc: Subpage allocator couldn't get a page
kmalloc: Subpage allocator couldn't get a page
kmalloc: Subpage allocator couldn't get a page
kmalloc: Subpage allocator couldn't get a page
kmalloc: Subpage allocator couldn't get a page
kmalloc: Subpage allocator couldn't get a page
kmalloc: Subpage allocator couldn't get a page
kmalloc: Subpage allocator couldn't get a page
kmalloc: Subpage allocator couldn't get a page
kmalloc: Subpage allocator couldn't get a page
kmalloc: Subpage allocator couldn't get a page
kmalloc: Subpage allocator couldn't get a page
kmalloc: Subpage allocator couldn't get a page
kmalloc: Subpage allocator couldn't get a page
kmalloc: Subpage allocator couldn't get a page
kmalloc: Subpage allocator couldn't get a page
kmalloc: Subpage allocator couldn't get a page
kmalloc: Subpage allocator couldn't get a page
kmalloc: Subpage allocator couldn't get a page
kmalloc: Subpage allocator couldn't get a page
kmalloc: Subpage allocator couldn't get a page
kmalloc: Subpage allocator couldn't get a page
kmalloc: Subpage allocator couldn't get a page
kmalloc: Subpage allocator couldn't get a page
kmalloc: Subpage allocator couldn't get a page
kmalloc: Subpage allocator couldn't get a page
kmalloc: Subpage allocator couldn't get a page
kmalloc: Subpage allocator couldn't get a page
kmalloc: Subpage allocator couldn't get a page
kmalloc: Subpage allocator couldn't get a page
kmalloc: Subpage allocator couldn't get a page
kmalloc: Subpage allocator couldn't get a page
kmalloc: Subpage allocator couldn't get a page
kmalloc: Subpage allocator couldn't get a page
kmalloc: Subpage allocator couldn't get a page
kmalloc: Subpage allocator couldn't get a page
kmalloc: Subpage allocator couldn't get a page
kmalloc: Subpage allocator couldn't get a page
kmalloc: Subpage allocator couldn't get a page
kmalloc: Subpage allocator couldn't get a page
kmalloc: Subpage allocator couldn't get a page
kmalloc: Subpage allocator couldn't get a page
kmalloc: Subpage allocator couldn't get a page
kmalloc: Subpage allocator couldn't get a page
kmalloc: Subpage allocator couldn't get a page
kmalloc: Subpage allocator couldn't get a page
kmalloc: Subpage allocator couldn't get a page
kmalloc: Subpage allocator couldn't get a page
kmalloc: Subpage allocator couldn't get a page
kmalloc: Subpage allocator couldn't get a page
kmalloc: Subpage allocator couldn't get a page
kmalloc: Subpage allocator couldn't get a page
kmalloc: Subpage allocator couldn't get a page
kmalloc: Subpage allocator couldn't get a page
kmalloc: Subpage allocator couldn't get a page
kmalloc: Subpage allocator couldn't get a page
kmalloc: Subpage allocator couldn't get a page
kmalloc: Subpage allocator couldn't get a page
kmalloc: Subpage allocator couldn't get a page
kmalloc: Subpage allocator couldn't get a page
kmalloc: Subpage allocator couldn't get a page
kmalloc: Subpage allocator couldn't get a page
kmalloc: Subpage allocator couldn't get a page
kmalloc: Subpage allocator couldn't get a page
kmalloc: Subpage allocator couldn't get a page
kmalloc: Subpage allocator couldn't get a page
kmalloc: Subpage allocator couldn't get a page
kmalloc: Subpage allocator couldn't get a page
kmalloc: Subpage allocator couldn't get a page
kmalloc: Subpage allocator couldn't get a page
kmalloc: Subpage allocator couldn't get a page
kmalloc: Subpage allocator couldn't get a page
kmalloc: Subpage allocator couldn't get a page
kmalloc: Subpage allocator couldn't get a page
kmalloc: Subpage allocator couldn't get a page
kmalloc: Subpage allocator couldn't get a page
kmalloc: Subpage allocator couldn't get a page
kmalloc: Subpage allocator couldn't get a page
kmalloc: Subpage allocator couldn't get a page
kmalloc: Subpage allocator couldn't get a page
kmalloc: Subpage allocator couldn't get a page
kmalloc: Subpage allocator couldn't get a page
kmalloc: Subpage allocator couldn't get a page
kmalloc: Subpage allocator couldn't get a page
kmalloc: Subpage allocator couldn't get a page
kmalloc: Subpage allocator couldn't get a page
kmalloc: Subpage allocator couldn't get a page
kmalloc: Subpage allocator couldn't get a page
kmalloc: Subpage allocator couldn't get a page
kmalloc: Subpage allocator couldn't get a page
kmalloc: Subpage allocator couldn't get a page
kmalloc: Subpage allocator couldn't get a page
kmalloc: Subpage allocator couldn't get a page
kmalloc: Subpage allocator couldn't get a page
kmalloc: Subpage allocator couldn't get a page
kmalloc: Subpage allocator couldn't get a page
kmalloc: Subpage allocator couldn't get a page
kmalloc: Subpage allocator couldn't get a page
kmalloc: Subpage allocator couldn't get a page
kmalloc: Subpage allocator couldn't get a page
kmalloc: Subpage allocator couldn't get a page
kmalloc: Subpage allocator couldn't get a page
kmalloc: Subpage allocator couldn't get a page
kmalloc: Subpage allocator couldn't get a page
kmalloc: Subpage allocator couldn't get a page
kmalloc: Subpage allocator couldn't get a page
kmalloc: Subpage allocator couldn't get a page
kmalloc: Subpage allocator couldn't get a page
kmalloc: Subpage allocator couldn't get a page
kmalloc: Subpage allocator couldn't get a page
kmalloc: Subpage allocator couldn't get a page
kmalloc: Subpage allocator couldn't get a page
kmalloc: Subpage allocator couldn't get a page
kmalloc: Subpage allocator couldn't get a page
kmalloc: Subpage allocator couldn't get a page
kmalloc: Subpage allocator couldn't get a page
kmalloc: Subpage allocator couldn't get a page
kmalloc: Subpage allocator couldn't get a page
kmalloc: Subpage allocator couldn't get a page
kmalloc: Subpage allocator couldn't get a page
kmalloc: Subpage allocator couldn't get a page
kmalloc: Subpage allocator couldn't get a page
kmalloc: Subpage allocator couldn't get a page
kmalloc: Subpage allocator couldn't get a page
kmalloc: Subpage allocator couldn't get a page
kmalloc: Subpage allocator couldn't get a page
kmalloc: Subpage allocator couldn't get a page
kmalloc: Subpage allocator couldn't get a page
kmalloc: Subpage allocator couldn't get a page
kmalloc: Subpage allocator couldn't get a page
kmalloc: Subpage allocator couldn't get a page
kmalloc: Subpage allocator couldn't get a page
kmalloc: Subpage allocator couldn't get a page
kmalloc: Subpage allocator couldn't get a page
kmalloc: Subpage allocator couldn't get a page
kmalloc: Subpage allocator couldn't get a page
kmalloc: Subpage allocator couldn't get a page
kmalloc: Subpage allocator couldn't get a page
kmalloc: Subpage allocator couldn't get a page
kmalloc: Subpage allocator couldn't get a page
kmalloc: Subpage allocator couldn't get a page
kmalloc: Subpage allocator couldn't get a page
kmalloc: Subpage allocator couldn't get a page
kmalloc: Subpage allocator couldn't get a page
kmalloc: Subpage allocator couldn't get a page
kmalloc: Subpage allocator couldn't get a page
kmalloc: Subpage allocator couldn't get a page
kmalloc: Subpage allocator couldn't get a page
kmalloc: Subpage allocator couldn't get a page
kmalloc: Subpage allocator couldn't get a page
kmalloc: Subpage allocator couldn't get a page
kmalloc: Subpage allocator couldn't get a page
kmalloc: Subpage allocator couldn't get a page
kmalloc: Subpage allocator couldn't get a page
kmalloc: Subpage allocator couldn't get a page
kmalloc: Subpage allocator couldn't get a page
kmalloc: Subpage allocator couldn't get a page
kmalloc: Subpage allocator couldn't get a page
kmalloc: Subpage allocator couldn't get a page
kmalloc: Subpage allocator couldn't get a page
kmalloc: Subpage allocator couldn't get a page
kmalloc: Subpage allocator couldn't get a page
kmalloc: Subpage allocator couldn't get a page
kmalloc: Subpage allocator couldn't get a page
kmalloc: Subpage allocator couldn't get a page
kmalloc: Subpage allocator couldn't get a page
kmalloc: Subpage allocator couldn't get a page
kmalloc: Subpage allocator couldn't get a page
kmalloc: Subpage allocator couldn't get a page
kmalloc: Subpage allocator couldn't get a page
kmalloc: Subpage allocator couldn't get a page
kmalloc: Subpage allocator couldn't get a page
kmalloc: Subpage allocator couldn't get a page
kmalloc: Subpage allocator couldn't get a page
kmalloc: Subpage allocator couldn't get a page
kmalloc: Subpage allocator couldn't get a page
kmalloc: Subpage allocator couldn't get a page
kmalloc: Subpage allocator couldn't get a page
kmalloc: Subpage allocator couldn't get a page
kmalloc: Subpage allocator couldn't get a page
kmalloc: Subpage allocator couldn't get a page
kmalloc: Subpage allocator couldn't get a page
kmalloc: Subpage allocator couldn't get a page
kmalloc: Subpage allocator couldn't get a page
kmalloc: Subpage allocator couldn't get a page
kmalloc: Subpage allocator couldn't get a page
kmalloc: Subpage allocator couldn't get a page
kmalloc: Subpage allocator couldn't get a page
kmalloc: Subpage allocator couldn't get a page
kmalloc: Subpage allocator couldn't get a page
kmalloc: Subpage allocator couldn't get a page
kmalloc: Subpage allocator couldn't get a page
kmalloc: Subpage allocator couldn't get a page
kmalloc: Subpage allocator couldn't get a page
kmalloc: Subpage allocator couldn't get a page
kmalloc: Subpage allocator couldn't get a page
kmalloc: Subpage allocator couldn't get a page
kmalloc: Subpage allocator couldn't get a page
kmalloc: Subpage allocator couldn't get a page
kmalloc: Subpage allocator couldn't get a page
kmalloc: Subpage allocator couldn't get a page
kmalloc: Subpage allocator couldn't get a page
kmalloc: Subpage allocator couldn't get a page
kmalloc: Subpage allocator couldn't get a page
kmalloc: Subpage allocator couldn't get a page
kmalloc: Subpage allocator couldn't get a page
kmalloc: Subpage allocator couldn't get a page
kmalloc: Subpage allocator couldn't get a page
kmalloc: Subpage allocator couldn't get a page
kmalloc: Subpage allocator couldn't get a page
kmalloc: Subpage allocator couldn't get a page
kmalloc: Subpage allocator couldn't get a page
kmalloc: Subpage allocator couldn't get a page
kmalloc: Subpage allocator couldn't get a page
kmalloc: Subpage allocator couldn't get a page
kmalloc: Subpage allocator couldn't get a page
kmalloc: Subpage allocator couldn't get a page
kmalloc: Subpage allocator couldn't get a page
kmalloc: Subpage allocator couldn't get a page
kmalloc: Subpage allocator couldn't get a page
kmalloc: Subpage allocator couldn't get a page
kmalloc: Subpage allocator couldn't get a page
kmalloc: Subpage allocator couldn't get a page
kmalloc: Subpage allocator couldn't get a page
kmalloc: Subpage allocator couldn't get a page
kmalloc: Subpage allocator couldn't get a page
kmalloc: Subpage allocator couldn't get a page
kmalloc: Subpage allocator couldn't get a page
kmalloc: Subpage allocator couldn't get a page
kmalloc: Subpage allocator couldn't get a page
kmalloc: Subpage allocator couldn't get a page
kmalloc: Subpage allocator couldn't get a page
kmalloc: Subpage allocator couldn't get a page
kmalloc: Subpage allocator couldn't get a page
kmalloc: Subpage allocator couldn't get a page
kmalloc: Subpage allocator couldn't get a page
kmalloc: Subpage allocator couldn't get a page
kmalloc: Subpage allocator couldn't get a page
kmalloc: Subpage allocator couldn't get a page
kmalloc: Subpage allocator couldn't get a page
kmalloc: Subpage allocator couldn't get a page
kmalloc: Subpage allocator couldn't get a page
kmalloc: Subpage allocator couldn't get a page
kmalloc: Subpage allocator couldn't get a page
kmalloc: Subpage allocator couldn't get a page
kmalloc: Subpage allocator couldn't get a page
kmalloc: Subpage allocator couldn't get a page
kmalloc: Subpage allocator couldn't get a page
kmalloc: Subpage allocator couldn't get a page
kmalloc: Subpage allocator couldn't get a page
kmalloc: Subpage allocator couldn't get a page
kmalloc: Subpage allocator couldn't get a page
kmalloc: Subpage allocator couldn't get a page
kmalloc: Subpage allocator couldn't get a page
sys161: System/161 release 1.14, compiled Jan 13 2015 13:55:47

OS/161 base system version 1.11
Copyright (c) 2000, 2001, 2002, 2003
   President and Fellows of Harvard College.  All rights reserved.

Put-your-group-name-here's system version 0 (ASST2 #1)

Hello World
Cpu is MIPS r2000/r3000
1868k physical memory available
Device probe...
lamebus0 (system main bus)
emu0 at lamebus0
ltrace0 at lamebus0
ltimer0 at lamebus0
hardclock on ltimer0 (100 hz)
beep0 at ltimer0
rtclock0 at ltimer0
lrandom0 at lamebus0
random0 at lrandom0
lhd0 at lamebus0
lhd1 at lamebus0
lser0 at lamebus0
con0 at lser0
pseudorand0 (virtual)

OS/161 kernel [? for menu]: p /testbin/os161testerprog 
p /testbin/os161testerprog 
[a] read from NULL
[b] read from invalid address
[c] read from kernel address
[d] write to NULL
[e] write to invalid address
[f] write to code segment
[g] write to kernel address
[h] jump to NULL
[i] jump to invalid address
[j] jump to kernel address
[k] alignment error
[l] illegal instruction
[m] divide by zero
[n] mod by zero
[o] Recurse infinitely
[*] Run everything (in subprocesses)
Note: [f] may not cause an exception on some platforms, in which
case it'll appear to fail.
Choose: aFatal user mode trap 2 (TLB miss on load, epc 0x400100, vaddr 0x0)
Operation took 0.173689600 seconds
OS/161 kernel [? for menu]: p /testbin/os161testerprog 
p /testbin/os161testerprog 
[a] read from NULL
[b] read from invalid address
[c] read from kernel address
[d] write to NULL
[e] write to invalid address
[f] write to code segment
[g] write to kernel address
[h] jump to NULL
[i] jump to invalid address
[j] jump to kernel address
[k] alignment error
[l] illegal instruction
[m] divide by zero
[n] mod by zero
[o] Recurse infinitely
[*] Run everything (in subprocesses)
Note: [f] may not cause an exception on some platforms, in which
case it'll appear to fail.
Choose: bFatal user mode trap 2 (TLB miss on load, epc 0x400118, vaddr 0x40000000)
Operation took 0.155081680 seconds
OS/161 kernel [? for menu]: p /testbin/os161testerprog 
p /testbin/os161testerprog 
[a] read from NULL
[b] read from invalid address
[c] read from kernel address
[d] write to NULL
[e] write to invalid address
[f] write to code segment
[g] write to kernel address
[h] jump to NULL
[i] jump to invalid address
[j] jump to kernel address
[k] alignment error
[l] illegal instruction
[m] divide by zero
[n] mod by zero
[o] Recurse infinitely
[*] Run everything (in subprocesses)
Note: [f] may not cause an exception on some platforms, in which
case it'll appear to fail.
Choose: cFatal user mode trap 4 (Address error on load, epc 0x400130, vaddr 0x80000000)
Operation took 0.155998000 seconds
OS/161 kernel [? for menu]: p /testbin/os161testerprog 
p /testbin/os161testerprog 
[a] read from NULL
[b] read from invalid address
[c] read from kernel address
[d] write to NULL
[e] write to invalid address
[f] write to code segment
[g] write to kernel address
[h] jump to NULL
[i] jump to invalid address
[j] jump to kernel address
[k] alignment error
[l] illegal instruction
[m] divide by zero
[n] mod by zero
[o] Recurse infinitely
[*] Run everything (in subprocesses)
Note: [f] may not cause an exception on some platforms, in which
case it'll appear to fail.
Choose:d Fatal user mode trap 3 (TLB miss on store, epc 0x400148, vaddr 0x0)
Operation took 0.174061480 seconds
OS/161 kernel [? for menu]: p /testbin/os161testerprog 
p /testbin/os161testerprog 
[a] read from NULL
[b] read from invalid address
[c] read from kernel address
[d] write to NULL
[e] write to invalid address
[f] write to code segment
[g] write to kernel address
[h] jump to NULL
[i] jump to invalid address
[j] jump to kernel address
[k] alignment error
[l] illegal instruction
[m] divide by zero
[n] mod by zero
[o] Recurse infinitely
[*] Run everything (in subprocesses)
Note: [f] may not cause an exception on some platforms, in which
case it'll appear to fail.
Choose:e Fatal user mode trap 3 (TLB miss on store, epc 0x400158, vaddr 0x40000000)
Operation took 0.175493480 seconds
OS/161 kernel [? for menu]: p /testbin/os161testerprog 
p /testbin/os161testerprog 
[a] read from NULL
[b] read from invalid address
[c] read from kernel address
[d] write to NULL
[e] write to invalid address
[f] write to code segment
[g] write to kernel address
[h] jump to NULL
[i] jump to invalid address
[j] jump to kernel address
[k] alignment error
[l] illegal instruction
[m] divide by zero
[n] mod by zero
[o] Recurse infinitely
[*] Run everything (in subprocesses)
Note: [f] may not cause an exception on some platforms, in which
case it'll appear to fail.
Choose:g Fatal user mode trap 5 (Address error on store, epc 0x400178, vaddr 0x80000000)
Operation took 0.176457680 seconds
OS/161 kernel [? for menu]: p /testbin/os161testerprog 
p /testbin/os161testerprog 
[a] read from NULL
[b] read from invalid address
[c] read from kernel address
[d] write to NULL
[e] write to invalid address
[f] write to code segment
[g] write to kernel address
[h] jump to NULL
[i] jump to invalid address
[j] jump to kernel address
[k] alignment error
[l] illegal instruction
[m] divide by zero
[n] mod by zero
[o] Recurse infinitely
[*] Run everything (in subprocesses)
Note: [f] may not cause an exception on some platforms, in which
case it'll appear to fail.
Choose: hFatal user mode trap 2 (TLB miss on load, epc 0x40018c, vaddr 0x0)
Operation took 0.173805200 seconds
OS/161 kernel [? for menu]: p /testbin/os161testerprog 
p /testbin/os161testerprog 
[a] read from NULL
[b] read from invalid address
[c] read from kernel address
[d] write to NULL
[e] write to invalid address
[f] write to code segment
[g] write to kernel address
[h] jump to NULL
[i] jump to invalid address
[j] jump to kernel address
[k] alignment error
[l] illegal instruction
[m] divide by zero
[n] mod by zero
[o] Recurse infinitely
[*] Run everything (in subprocesses)
Note: [f] may not cause an exception on some platforms, in which
case it'll appear to fail.
Choose: iFatal user mode trap 2 (TLB miss on load, epc 0x4001b0, vaddr 0x40000000)
Operation took 0.175196200 seconds
OS/161 kernel [? for menu]: p /testbin/os161testerprog 
p /testbin/os161testerprog 
[a] read from NULL
[b] read from invalid address
[c] read from kernel address
[d] write to NULL
[e] write to invalid address
[f] write to code segment
[g] write to kernel address
[h] jump to NULL
[i] jump to invalid address
[j] jump to kernel address
[k] alignment error
[l] illegal instruction
[m] divide by zero
[n] mod by zero
[o] Recurse infinitely
[*] Run everything (in subprocesses)
Note: [f] may not cause an exception on some platforms, in which
case it'll appear to fail.
Choose: jFatal user mode trap 4 (Address error on load, epc 0x4001d4, vaddr 0x80000000)
Operation took 0.176125920 seconds
OS/161 kernel [? for menu]: p /testbin/os161testerprog 
p /testbin/os161testerprog 
[a] read from NULL
[b] read from invalid address
[c] read from kernel address
[d] write to NULL
[e] write to invalid address
[f] write to code segment
[g] write to kernel address
[h] jump to NULL
[i] jump to invalid address
[j] jump to kernel address
[k] alignment error
[l] illegal instruction
[m] divide by zero
[n] mod by zero
[o] Recurse infinitely
[*] Run everything (in subprocesses)
Note: [f] may not cause an exception on some platforms, in which
case it'll appear to fail.
Choose: kFatal user mode trap 4 (Address error on load, epc 0x4001fc, vaddr 0x7fffffa5)
Operation took 0.155946120 seconds
OS/161 kernel [? for menu]: p /testbin/os161testerprog 
p /testbin/os161testerprog 
[a] read from NULL
[b] read from invalid address
[c] read from kernel address
[d] write to NULL
[e] write to invalid address
[f] write to code segment
[g] write to kernel address
[h] jump to NULL
[i] jump to invalid address
[j] jump to kernel address
[k] alignment error
[l] illegal instruction
[m] divide by zero
[n] mod by zero
[o] Recurse infinitely
[*] Run everything (in subprocesses)
Note: [f] may not cause an exception on some platforms, in which
case it'll appear to fail.
Choose:l Fatal user mode trap 10 (Illegal instruction, epc 0x4001ec, vaddr 0x0)
Operation took 0.174614600 seconds
OS/161 kernel [? for menu]: p /testbin/os161testerprog 
p /testbin/os161testerprog 
[a] read from NULL
[b] read from invalid address
[c] read from kernel address
[d] write to NULL
[e] write to invalid address
[f] write to code segment
[g] write to kernel address
[h] jump to NULL
[i] jump to invalid address
[j] jump to kernel address
[k] alignment error
[l] illegal instruction
[m] divide by zero
[n] mod by zero
[o] Recurse infinitely
[*] Run everything (in subprocesses)
Note: [f] may not cause an exception on some platforms, in which
case it'll appear to fail.
Choose: mFatal user mode trap 9 (Break instruction, epc 0x400238, vaddr 0x0)
Operation took 0.173954320 seconds
OS/161 kernel [? for menu]: p /testbin/os161testerprog 
p /testbin/os161testerprog 
[a] read from NULL
[b] read from invalid address
[c] read from kernel address
[d] write to NULL
[e] write to invalid address
[f] write to code segment
[g] write to kernel address
[h] jump to NULL
[i] jump to invalid address
[j] jump to kernel address
[k] alignment error
[l] illegal instruction
[m] divide by zero
[n] mod by zero
[o] Recurse infinitely
[*] Run everything (in subprocesses)
Note: [f] may not cause an exception on some platforms, in which
case it'll appear to fail.
Choose: nFatal user mode trap 9sys161: System/161 release 1.14, compiled Jan 13 2015 13:55:47

OS/161 base system version 1.11
Copyright (c) 2000, 2001, 2002, 2003
   President and Fellows of Harvard College.  All rights reserved.

Put-your-group-name-here's system version 0 (ASST2 #1)

Hello World
Cpu is MIPS r2000/r3000
1868k physical memory available
Device probe...
lamebus0 (system main bus)
emu0 at lamebus0
ltrace0 at lamebus0
ltimer0 at lamebus0
hardclock on ltimer0 (100 hz)
beep0 at ltimer0
rtclock0 at ltimer0
lrandom0 at lamebus0
random0 at lrandom0
lhd0 at lamebus0
lhd1 at lamebus0
lser0 at lamebus0
con0 at lser0
pseudorand0 (virtual)

OS/161 kernel [? for menu]: p /testbin/os161testerprog 
p /testbin/os161testerprog 
[a-|, 0-4, *, ?=menu, !=quit]
[a] reboot                  [b] execv                   
[c] waitpid                 [d] sbrk                    
[e] __time                  [f] fsync                   
[g] ftruncate               [h] fstat                   
[i] remove                  [j] rename                  
[k] link                    [l] mkdir                   
[m] rmdir                   [n] chdir                   
[o] getdirentry             [p] read                    
[q] write                   [r] open                    
[s] lseek                   [t] stat                    
[u] lstat                   [v] close                   
[w] ioctl                   [x] symlink                 
[y] readlink                [z] dup2                    
[{] __getcwd                [|] pipe                    
[0] asst0                   [2] asst2                   
[3] asst3                   [4] asst4                   
[*] all                     [!] quit                    
Choose: cc
/testbin/os161testerprog: passed: wait for pid -8
/testbin/os161testerprog: passed: wait for pid -1
/testbin/os161testerprog: passed: pid zero
/testbin/os161testerprog: passed: nonexistent pid
/testbin/os161testerprog: passed: wait with NULL status
/testbin/os161testerprog: passed: wait with invalid pointer status
/testbin/os161testerprog: passed: wait with kernel pointer status
/testbin/os161testerprog: passed: wait with unaligned status: Invalid argument
/testbin/os161testerprog: passed: wait with bad flags
/testbin/os161testerprog: passed: wait for self: Invalid argument
/testbin/os161testerprog: passed: wait for parent (from child): Invalid argument
/testbin/os161testerprog: passed: wait for parent test (from parent): Operation succeeded
Choose: bb
/testbin/os161testerprog: passed: exec NULL
/testbin/os161testerprog: passed: exec invalid pointer
/testbin/os161testerprog: passed: exec kernel pointer
/testbin/os161testerprog: passed: exec the empty string
/testbin/os161testerprog: passed: exec /bin/true with NULL arglist
/testbin/os161testerprog: passed: exec /bin/true with invalid pointer arglist
/testbin/os161testerprog: passed: exec /bin/true with kernel pointer arglist
/testbin/os161testerprog: passed: exec /bin/true with invalid pointer arg
/testbin/os161testerprog: passed: exec /bin/true with kernel pointer argsys161: System/161 release 1.14, compiled Jan 13 2015 13:55:47

OS/161 base system version 1.11
Copyright (c) 2000, 2001, 2002, 2003
   President and Fellows of Harvard College.  All rights reserved.

Put-your-group-name-here's system version 0 (ASST2 #1)

Hello World
Cpu is MIPS r2000/r3000
1868k physical memory available
Device probe...
lamebus0 (system main bus)
emu0 at lamebus0
ltrace0 at lamebus0
ltimer0 at lamebus0
hardclock on ltimer0 (100 hz)
beep0 at ltimer0
rtclock0 at ltimer0
lrandom0 at lamebus0
random0 at lrandom0
lhd0 at lamebus0
lhd1 at lamebus0
lser0 at lamebus0
con0 at lser0
pseudorand0 (virtual)

OS/161 kernel [? for menu]: p /testbin/os161testerprog 
p /testbin/os161testerprog 
Answer: 1234567sys161: System/161 release 1.14, compiled Jan 13 2015 13:55:47

OS/161 base system version 1.11
Copyright (c) 2000, 2001, 2002, 2003
   President and Fellows of Harvard College.  All rights reserved.

Put-your-group-name-here's system version 0 (ASST2 #1)

Hello World
Cpu is MIPS r2000/r3000
1868k physical memory available
Device probe...
lamebus0 (system main bus)
emu0 at lamebus0
ltrace0 at lamebus0
ltimer0 at lamebus0
hardclock on ltimer0 (100 hz)
beep0 at ltimer0
rtclock0 at ltimer0
lrandom0 at lamebus0
random0 at lrandom0
lhd0 at lamebus0
lhd1 at lamebus0
lser0 at lamebus0
con0 at lser0
pseudorand0 (virtual)

OS/161 kernel [? for menu]: p /testbin/os161testerprog 
p /testbin/os161testerprog 
Operation took 0.072667160 seconds
OSsys161: System/161 release 1.14, compiled Jan 13 2015 13:55:47

OS/161 base system version 1.11
Copyright (c) 2000, 2001, 2002, 2003
   President and Fellows of Harvard College.  All rights reserved.

Put-your-group-name-here's system version 0 (ASST2 #1)

Hello World
Cpu is MIPS r2000/r3000
1868k physical memory available
Device probe...
lamebus0 (system main bus)
emu0 at lamebus0
ltrace0 at lamebus0
ltimer0 at lamebus0
hardclock on ltimer0 (100 hz)
beep0 at ltimer0
rtclock0 at ltimer0
lrandom0 at lamebus0
random0 at lrandom0
lhd0 at lamebus0
lhd1 at lamebus0
lser0 at lamebus0
con0 at lser0
pseudorand0 (virtual)

OS/161 kernel [? for menu]: p /testbin/os161testerprog 
p /testbin/os161testerprog 
1 wekp
2 ewp
3 we/testbin/os161testerprog: waitpid: Invalid argument

4 acp
5 attsys161: System/161 release 1.14, compiled Jan 13 2015 13:55:47

OS/161 base system version 1.11
Copyright (c) 2000, 2001, 2002, 2003
   President and Fellows of Harvard College.  All rights reserved.

Put-your-group-name-here's system version 0 (ASST2 #1)

Hello World
Cpu is MIPS r2000/r3000
1868k physical memory available
Device probe...
lamebus0 (system main bus)
emu0 at lamebus0
ltrace0 at lamebus0
ltimer0 at lamebus0
hardclock on ltimer0 (100 hz)
beep0 at ltimer0
rtclock0 at ltimer0
lrandom0 at lamebus0
random0 at lrandom0
lhd0 at lamebus0
lhd1 at lamebus0
lser0 at lamebus0
con0 at lser0
pseudorand0 (virtual)

OS/161 kernel [? for menu]: p /testbin/os161testerprog box 7
p /testbin/os161testerprog box 7
*******
*******
*******
*******
*******
*******
*******
Operation took 0.437162880 seconds
OS/161 kernel [? for menu]: p /testbin/os161testerprog pyramid 4
p /testbin/os161testerprog pyramid 4
   *
  ***
 *****
*******
Operation took 0.248898000 seconds
OS/161 kernel [? for menu]: p /testbin/os161testerprog triangle 4
p /testbin/os161testerprog triangle 4
*
**
***
****
sys161: System/161 release 1.14, compiled Jan 13 2015 13:55:47

OS/161 base system version 1.11
Copyright (c) 2000, 2001, 2002, 2003
   President and Fellows of Harvard College.  All rights reserved.

Put-your-group-name-here's system version 0 (ASST2 #1)

Hello World
Cpu is MIPS r2000/r3000
1868k physical memory available
Device probe...
lamebus0 (system main bus)
emu0 at lamebus0
ltrace0 at lamebus0
ltimer0 at lamebus0
hardclock on ltimer0 (100 hz)
beep0 at ltimer0
rtclock0 at ltimer0
lrandom0 at lamebus0
random0 at lrandom0
lhd0 at lamebus0
lhd1 at lamebus0
lser0 at lamebus0
con0 at lser0
pseudorand0 (virtual)

OS/161 kernel [? for menu]: p /testbin/os161testerprog 
p /testbin/os161testerprog 
12! +11! +10! +9! +8! +7! +6! +5! +4! +3! +2! +1! = 522956313