sys161: System/161 release 1.14, compiled Jan 13 2015 13:55:47

OS/161 base system version 1.11
Copyright (c) 2000, 2001, 2002, 2003
   President and Fellows of Harvard College.  All rights reserved.

Put-your-group-name-here's system version 0 (ASST2 #237)

Hello World
Cpu is MIPS r2000/r3000
1868k physical memory available
Device probe...
lamebus0 (system main bus)
emu0 at lamebus0
ltrace0 at lamebus0
ltimer0 at lamebus0
hardclock on ltimer0 (100 hz)
beep0 at ltimer0
rtclock0 at ltimer0
lrandom0 at lamebus0
random0 at lrandom0
lhd0 at lamebus0
lhd1 at lamebus0
lser0 at lamebus0
con0 at lser0
pseudorand0 (virtual)

OS/161 kernel [? for menu]: p /testbin/os161testerprog 
p /testbin/os161testerprog 
/testbin/os161testerprog: Starting.
001111222222223333333333333333