Checking out repo for os-015
~/ece344/root ~/ece344/root
stty: 'standard input': Inappropriate ioctl for device
A    kern/asst1
A    kern/asst1/hello.c
A    kern/asst1/stoplight.c
A    kern/asst1/catlock.c
A    kern/asst1/catsem.c
A    kern/include
A    kern/include/hello.h
A    kern/include/synch.h
A    kern/include/lib.h
A    kern/include/addrspace.h
A    kern/include/array.h
A    kern/include/bitmap.h
A    kern/include/clock.h
A    kern/include/curthread.h
A    kern/include/dev.h
A    kern/include/elf.h
A    kern/include/emufs.h
A    kern/include/fs.h
A    kern/include/kern
A    kern/include/kern/callno.h
A    kern/include/kern/errmsg.h
A    kern/include/kern/errno.h
A    kern/include/kern/ioctl.h
A    kern/include/kern/limits.h
A    kern/include/kern/sfs.h
A    kern/include/kern/stat.h
A    kern/include/kern/types.h
A    kern/include/kern/unistd.h
A    kern/include/queue.h
A    kern/include/scheduler.h
A    kern/include/sfs.h
A    kern/include/stdarg.h
A    kern/include/syscall.h
A    kern/include/test.h
A    kern/include/thread.h
A    kern/include/types.h
A    kern/include/uio.h
A    kern/include/version.h
A    kern/include/vfs.h
A    kern/include/vm.h
A    kern/include/vnode.h
A    kern/main
A    kern/main/main.c
A    kern/main/hello.c
A    kern/main/menu.c
A    kern/lib
A    kern/lib/queue.c
A    kern/lib/kprintf.c
A    kern/lib/array.c
A    kern/lib/bitmap.c
A    kern/lib/copyinout.c
A    kern/lib/kgets.c
A    kern/lib/kheap.c
A    kern/lib/misc.c
A    kern/lib/ntoh.c
A    kern/thread
A    kern/thread/synch.c
A    kern/thread/thread.c
A    kern/thread/hardclock.c
A    kern/thread/scheduler.c
A    kern/conf
A    kern/conf/conf.kern
A    kern/conf/ASST0
A    kern/conf/ASST1
A    kern/conf/ASST2
A    kern/conf/ASST2-OPT
A    kern/conf/ASST3
A    kern/conf/ASST4
A    kern/conf/ASST5
A    kern/conf/config
A    kern/conf/newvers.sh
A    kern/compile
A    kern/compile/.svnignore
A    kern/Makefile
A    kern/arch
A    kern/arch/mips
A    kern/arch/mips/conf
A    kern/arch/mips/conf/Makefile.mips
A    kern/arch/mips/conf/conf.arch
A    kern/arch/mips/conf/ldscript
A    kern/arch/mips/include
A    kern/arch/mips/include/asmdefs.h
A    kern/arch/mips/include/bus.h
A    kern/arch/mips/include/ktypes.h
A    kern/arch/mips/include/pcb.h
A    kern/arch/mips/include/setjmp.h
A    kern/arch/mips/include/specialreg.h
A    kern/arch/mips/include/spl.h
A    kern/arch/mips/include/switchframe.h
A    kern/arch/mips/include/tlb.h
A    kern/arch/mips/include/trapframe.h
A    kern/arch/mips/include/types.h
A    kern/arch/mips/include/vm.h
A    kern/arch/mips/mips
A    kern/arch/mips/mips/cache_mips1.S
A    kern/arch/mips/mips/dumbvm.c
A    kern/arch/mips/mips/exception.S
A    kern/arch/mips/mips/interrupt.c
A    kern/arch/mips/mips/lamebus_mips.c
A    kern/arch/mips/mips/pcb.c
A    kern/arch/mips/mips/ram.c
A    kern/arch/mips/mips/spl.c
A    kern/arch/mips/mips/start.S
A    kern/arch/mips/mips/switch.S
A    kern/arch/mips/mips/syscall.c
A    kern/arch/mips/mips/threadstart.S
A    kern/arch/mips/mips/tlb_mips1.S
A    kern/arch/mips/mips/trap.c
A    kern/dev
A    kern/dev/generic
A    kern/dev/generic/beep.c
A    kern/dev/generic/beep.h
A    kern/dev/generic/console.c
A    kern/dev/generic/console.h
A    kern/dev/generic/pseudorand.c
A    kern/dev/generic/pseudorand.h
A    kern/dev/generic/pseudorand_att.c
A    kern/dev/generic/random.c
A    kern/dev/generic/random.h
A    kern/dev/generic/rtclock.c
A    kern/dev/generic/rtclock.h
A    kern/dev/init.c
A    kern/dev/lamebus
A    kern/dev/lamebus/beep_ltimer.c
A    kern/dev/lamebus/con_lscreen.c
A    kern/dev/lamebus/con_lser.c
A    kern/dev/lamebus/conf.lamebus
A    kern/dev/lamebus/emu.c
A    kern/dev/lamebus/emu.h
A    kern/dev/lamebus/emu_att.c
A    kern/dev/lamebus/lamebus.c
A    kern/dev/lamebus/lamebus.h
A    kern/dev/lamebus/lhd.c
A    kern/dev/lamebus/lhd.h
A    kern/dev/lamebus/lhd_att.c
A    kern/dev/lamebus/lnet.c
A    kern/dev/lamebus/lnet_att.c
A    kern/dev/lamebus/lrandom.c
A    kern/dev/lamebus/lrandom.h
A    kern/dev/lamebus/lrandom_att.c
A    kern/dev/lamebus/lscreen.c
A    kern/dev/lamebus/lscreen.h
A    kern/dev/lamebus/lscreen_att.c
A    kern/dev/lamebus/lser.c
A    kern/dev/lamebus/lser.h
A    kern/dev/lamebus/lser_att.c
A    kern/dev/lamebus/ltimer.c
A    kern/dev/lamebus/ltimer.h
A    kern/dev/lamebus/ltimer_att.c
A    kern/dev/lamebus/ltrace.c
A    kern/dev/lamebus/ltrace.h
A    kern/dev/lamebus/ltrace_att.c
A    kern/dev/lamebus/random_lrandom.c
A    kern/dev/lamebus/rtclock_ltimer.c
A    kern/fs
A    kern/fs/sfs
A    kern/fs/sfs/sfs_fs.c
A    kern/fs/sfs/sfs_io.c
A    kern/fs/sfs/sfs_vnode.c
A    kern/fs/vfs
A    kern/fs/vfs/device.c
A    kern/fs/vfs/devnull.c
A    kern/fs/vfs/vfscwd.c
A    kern/fs/vfs/vfslist.c
A    kern/fs/vfs/vfslookup.c
A    kern/fs/vfs/vfspath.c
A    kern/fs/vfs/vnode.c
A    kern/test
A    kern/test/arraytest.c
A    kern/test/bitmaptest.c
A    kern/test/fstest.c
A    kern/test/malloctest.c
A    kern/test/nettest.c
A    kern/test/queuetest.c
A    kern/test/synchtest.c
A    kern/test/threadtest.c
A    kern/test/tt3.c
A    kern/userprog
A    kern/userprog/loadelf.c
A    kern/userprog/runprogram.c
A    kern/userprog/uio.c
A    kern/vm
A    kern/vm/addrspace.c
Checked out revision 49.
Checking for ranlib... yes
Checking for <err.h>... yes
Generating defs.mk.
Installing kernel includes...
Installing callno.h
Installing errmsg.h
Installing errno.h
Installing ioctl.h
Installing limits.h
Installing sfs.h
Installing stat.h
Installing types.h
Installing unistd.h
Installing machine-dependent includes for mips...
Installing asmdefs.h
Installing setjmp.h
Installing types.h
Installing library includes...
Installing assert.h
Installing err.h
Installing errno.h
Installing fcntl.h
Installing limits.h
Installing setjmp.h
Installing stdarg.h
Installing stdio.h
Installing stdlib.h
Installing string.h
Installing time.h
Installing unistd.h
Installing sys/ioctl.h
Installing sys/reboot.h
Installing sys/stat.h
Installing sys/types.h
Installing sys/wait.h
a - __printf.o
a - snprintf.o
a - printf.o
a - atoi.o
a - bzero.o
a - memcmp.o
a - memcpy.o
a - memmove.o
a - memset.o
a - malloc.o
a - strcat.o
a - strchr.o
a - strcmp.o
a - strcpy.o
a - strlen.o
a - strrchr.o
a - strtok.o
a - strtok_r.o
a - __assert.o
a - __puts.o
a - err.o
a - getchar.o
a - putchar.o
a - puts.o
a - abort.o
a - errno.o
a - exit.o
a - getcwd.o
a - random.o
a - strerror.o
a - system.o
a - time.o
a - mips-setjmp.o
a - syscalls.o
ar: `u' modifier ignored since `D' is the default (see `U')
a - err.ho
a - time.ho
a - hostcompat.ho
~/ece344/root/os-015/os161-1.11-testpatch/kern/conf ~/ece344/root/os-015/os161-1.11-testpatch ~/ece344/root
Configuration ASST1
Generating files... opt-*.h files.mk defs.mk Makefile autoconf.h autoconf.c
Configuration in ../compile/ASST1 done
Remember to make depend
~/ece344/root/os-015/os161-1.11-testpatch ~/ece344/root
../../asst1/catlock.c:59: warning: `lock_eat' defined but not used
../../asst1/catsem.c: In function `catsem':
../../asst1/catsem.c:91: warning: unused parameter `unusedpointer'
../../asst1/catsem.c: In function `mousesem':
../../asst1/catsem.c:138: warning: unused parameter `unusedpointer'
../../asst1/catsem.c: In function `catmousesem':
../../asst1/catsem.c:186: warning: unused parameter `nargs'
../../asst1/catsem.c:187: warning: unused parameter `args'
../../asst1/stoplight.c: In function `approachintersection':
../../asst1/stoplight.c:266: warning: initialization makes pointer from integer without a cast
../../asst1/stoplight.c:266: warning: unused variable `number'
../../asst1/stoplight.c: In function `createcars':
../../asst1/stoplight.c:503: warning: unused parameter `nargs'
../../asst1/stoplight.c:504: warning: unused parameter `args'
../../asst1/stoplight.c:532: warning: control reaches end of non-void function
../../asst1/stoplight.c: At top level:
../../asst1/stoplight.c:134: warning: `gostraight' defined but not used
../../asst1/stoplight.c:162: warning: `turnleft' defined but not used
../../asst1/stoplight.c:193: warning: `turnright' defined but not used
../../lib/queue.c: In function `q_rethead':
../../lib/queue.c:132: warning: return makes pointer from integer without a cast
../../thread/synch.c: In function `cv_signal':
../../thread/synch.c:274: warning: implicit declaration of function `thread_random_wakeup'
../../main/menu.c: In function `cmd_df':
../../main/menu.c:368: warning: unused parameter `nargs'
../../main/hello.c: In function `hello':
../../main/hello.c:5: warning: implicit declaration of function `kprintf'
*** This is ASST1 build #1 ***
   text	   data	    bss	    dec	    hex	filename
 160760	    608	   7812	 169180	  294dc	kernel
~/ece344/root
